SF:lib\posts\bloc\post_state.dart
DA:3,9
DA:6,7
DA:16,3
DA:21,3
DA:22,1
DA:23,3
DA:24,3
DA:28,2
DA:30,10
DA:33,3
DA:34,12
LF:11
LH:11
end_of_record
SF:lib\posts\bloc\post_bloc.dart
DA:17,3
DA:18,3
DA:19,9
DA:26,9
DA:27,3
DA:28,3
DA:29,3
DA:33,3
DA:37,6
DA:39,9
DA:40,6
DA:41,3
DA:47,5
DA:48,2
DA:49,2
DA:50,2
DA:52,4
DA:56,9
DA:60,3
DA:61,9
DA:62,3
DA:65,9
DA:68,6
DA:69,2
DA:70,2
DA:71,1
DA:72,1
DA:73,1
DA:74,1
DA:76,1
DA:78,3
LF:31
LH:31
end_of_record
SF:lib\posts\bloc\post_event.dart
DA:4,2
DA:5,2
LF:2
LH:2
end_of_record
SF:lib\posts\models\post.dart
DA:4,4
DA:10,2
DA:11,8
LF:3
LH:3
end_of_record
SF:lib\posts\view\posts_list.dart
DA:8,6
DA:10,3
DA:11,3
DA:17,3
DA:19,3
DA:20,9
DA:23,1
DA:24,5
DA:27,1
DA:28,2
DA:29,3
DA:30,2
DA:31,2
DA:34,3
DA:36,3
DA:37,3
DA:38,3
DA:39,3
DA:41,3
DA:42,2
DA:45,1
DA:46,1
DA:47,1
DA:48,2
DA:49,3
DA:50,1
DA:51,3
DA:52,1
DA:53,3
DA:63,3
DA:65,3
DA:66,6
DA:67,3
DA:68,3
LF:34
LH:34
end_of_record
SF:lib\posts\widgets\bottom_loader.dart
DA:4,1
LF:1
LH:1
end_of_record
SF:lib\posts\widgets\post_list_item.dart
DA:5,2
DA:9,1
DA:11,2
DA:12,1
DA:13,1
DA:14,5
DA:15,3
DA:16,3
LF:8
LH:8
end_of_record
SF:lib\infinite_list_app.dart
DA:5,1
DA:6,1
DA:7,1
DA:8,1
DA:9,1
LF:5
LH:5
end_of_record
SF:lib\posts\view\posts_page.dart
DA:9,2
DA:11,2
DA:12,2
DA:13,2
DA:14,10
DA:15,2
LF:6
LH:6
end_of_record
